<?xml version="1.0" encoding="UTF-8"?>
<testng-results skipped="0" failed="0" total="1" passed="1">
  <reporter-output>
  </reporter-output>
  <suite name="All Test Suite" duration-ms="5020" started-at="2018-09-12T09:51:42Z" finished-at="2018-09-12T09:51:47Z">
    <groups>
    </groups>
    <test name="testTransCredit" duration-ms="5020" started-at="2018-09-12T09:51:42Z" finished-at="2018-09-12T09:51:47Z">
      <class name="com.eloancn.test.testcase.TransCreditTestCase">
        <test-method status="PASS" signature="init()[pri:0, instance:com.eloancn.test.testcase.TransCreditTestCase@58b35031]" name="init" is-config="true" duration-ms="1104" started-at="2018-09-12T17:51:41Z" finished-at="2018-09-12T17:51:42Z">
          <reporter-output>
          </reporter-output>
        </test-method> <!-- init -->
        <test-method status="PASS" signature="addTransCreditTrackTest()[pri:0, instance:com.eloancn.test.testcase.TransCreditTestCase@58b35031]" name="addTransCreditTrackTest" duration-ms="5011" started-at="2018-09-12T17:51:42Z" finished-at="2018-09-12T17:51:47Z">
          <reporter-output>
          </reporter-output>
        </test-method> <!-- addTransCreditTrackTest -->
      </class> <!-- com.eloancn.test.testcase.TransCreditTestCase -->
    </test> <!-- testTransCredit -->
  </suite> <!-- All Test Suite -->
</testng-results>
